::1 - - [05/Jul/2021:09:46:28 +0300] "GET / HTTP/1.1" 302 346
::1 - - [05/Jul/2021:09:46:33 +0300] "GET /home HTTP/1.1" 302 350
::1 - - [05/Jul/2021:09:46:34 +0300] "GET /login HTTP/1.1" 200 5985
::1 - - [05/Jul/2021:09:46:34 +0300] "GET /assets/fonts/stylesheet.css HTTP/1.1" 200 1721
::1 - - [05/Jul/2021:09:46:34 +0300] "GET /assets/vendor/nucleo/css/nucleo.css HTTP/1.1" 200 9015
::1 - - [05/Jul/2021:09:46:34 +0300] "GET /assets/vendor/@fortawesome/fontawesome-free/css/all.min.css HTTP/1.1" 200 57180
::1 - - [05/Jul/2021:09:46:34 +0300] "GET /assets/vendor/fullcalendar/dist/fullcalendar.min.css HTTP/1.1" 200 16140
::1 - - [05/Jul/2021:09:46:34 +0300] "GET /assets/vendor/sweetalert2/dist/sweetalert2.min.css HTTP/1.1" 200 27093
::1 - - [05/Jul/2021:09:46:34 +0300] "GET /assets/css/dashboard.css HTTP/1.1" 200 501192
::1 - - [05/Jul/2021:09:46:34 +0300] "GET /assets/vendor/js-cookie/js.cookie.js HTTP/1.1" 200 3886
::1 - - [05/Jul/2021:09:46:34 +0300] "GET /assets/vendor/bootstrap/dist/js/bootstrap.bundle.min.js HTTP/1.1" 200 80698
::1 - - [05/Jul/2021:09:46:34 +0300] "GET /assets/vendor/jquery/dist/jquery.min.js HTTP/1.1" 200 88145
::1 - - [05/Jul/2021:09:46:34 +0300] "GET /assets/vendor/jquery.scrollbar/jquery.scrollbar.min.js HTTP/1.1" 200 13041
::1 - - [05/Jul/2021:09:46:34 +0300] "GET /assets/vendor/jquery-scroll-lock/dist/jquery-scrollLock.min.js HTTP/1.1" 200 4636
::1 - - [05/Jul/2021:09:46:34 +0300] "GET /assets/js/dashboard.js HTTP/1.1" 200 53635
::1 - - [05/Jul/2021:09:46:34 +0300] "GET /assets/vendor/nucleo/fonts/nucleo-icons.woff2 HTTP/1.1" 200 8580
::1 - - [05/Jul/2021:09:46:34 +0300] "GET /assets/fonts/SourceSansPro-Light.woff2 HTTP/1.1" 200 83756
::1 - - [05/Jul/2021:09:46:34 +0300] "GET /assets/fonts/SourceSansPro-SemiBold.woff2 HTTP/1.1" 200 83976
::1 - - [05/Jul/2021:09:46:37 +0300] "POST /login HTTP/1.1" 302 346
::1 - - [05/Jul/2021:09:46:38 +0300] "GET /home HTTP/1.1" 200 38824
::1 - - [05/Jul/2021:09:46:38 +0300] "GET /assets/css/custom.css HTTP/1.1" 200 52
::1 - - [05/Jul/2021:09:46:38 +0300] "GET /assets/css/bootstrap-select.min.css HTTP/1.1" 200 11120
::1 - - [05/Jul/2021:09:46:38 +0300] "GET /assets/css/jquery-confirm.min.css HTTP/1.1" 200 22546
::1 - - [05/Jul/2021:09:46:38 +0300] "GET /assets/img/theme/team-1.jpg HTTP/1.1" 200 166436
::1 - - [05/Jul/2021:09:46:38 +0300] "GET /assets/img/theme/team-3.jpg HTTP/1.1" 200 173325
::1 - - [05/Jul/2021:09:46:38 +0300] "GET /assets/img/theme/team-2.jpg HTTP/1.1" 200 266315
::1 - - [05/Jul/2021:09:46:38 +0300] "GET /assets/img/theme/team-4.jpg HTTP/1.1" 200 124734
::1 - - [05/Jul/2021:09:46:38 +0300] "GET /assets/img/theme/team-5.jpg HTTP/1.1" 200 166436
::1 - - [05/Jul/2021:09:46:38 +0300] "GET /assets/js/jquery-confirm.min.js HTTP/1.1" 200 28231
::1 - - [05/Jul/2021:09:46:38 +0300] "GET /assets/js/bootstrap-select.min.js HTTP/1.1" 200 52249
::1 - - [05/Jul/2021:09:46:38 +0300] "GET /assets/vendor/@fortawesome/fontawesome-free/webfonts/fa-solid-900.woff2 HTTP/1.1" 200 76084
::1 - - [05/Jul/2021:09:46:38 +0300] "GET /assets/vendor/@fortawesome/fontawesome-free/webfonts/fa-regular-400.woff2 HTTP/1.1" 200 13576
::1 - - [05/Jul/2021:09:46:45 +0300] "GET /department HTTP/1.1" 200 29272
::1 - - [05/Jul/2021:09:46:48 +0300] "GET /department/create HTTP/1.1" 200 28927
::1 - - [05/Jul/2021:09:46:53 +0300] "GET /assets/fonts/SourceSansPro-Black.woff2 HTTP/1.1" 200 80208
::1 - - [05/Jul/2021:09:59:13 +0300] "GET /department/create HTTP/1.1" 200 29495
::1 - - [05/Jul/2021:09:59:25 +0300] "POST /department HTTP/1.1" 302 370
::1 - - [05/Jul/2021:09:59:25 +0300] "GET /department HTTP/1.1" 200 31541
::1 - - [05/Jul/2021:10:03:20 +0300] "GET /department HTTP/1.1" 200 32790
::1 - - [05/Jul/2021:10:05:51 +0300] "GET /department HTTP/1.1" 500 507565
::1 - - [05/Jul/2021:10:06:11 +0300] "GET /department HTTP/1.1" 200 31341
::1 - - [05/Jul/2021:10:14:01 +0300] "GET /department HTTP/1.1" 200 29272
::1 - - [05/Jul/2021:10:14:04 +0300] "GET /department/create HTTP/1.1" 200 29355
::1 - - [05/Jul/2021:10:14:10 +0300] "POST /department HTTP/1.1" 302 370
::1 - - [05/Jul/2021:10:14:10 +0300] "GET /department HTTP/1.1" 200 31541
::1 - - [05/Jul/2021:10:15:52 +0300] "GET /department HTTP/1.1" 200 31499
::1 - - [05/Jul/2021:10:16:40 +0300] "GET /department HTTP/1.1" 200 31406
::1 - - [05/Jul/2021:10:17:04 +0300] "GET /department/1/edit HTTP/1.1" 200 28568
::1 - - [05/Jul/2021:10:17:27 +0300] "GET /department/1/edit HTTP/1.1" 200 28581
::1 - - [05/Jul/2021:10:17:31 +0300] "POST /department/1 HTTP/1.1" 302 398
::1 - - [05/Jul/2021:10:17:31 +0300] "GET /department/1/edit HTTP/1.1" 200 28782
::1 - - [05/Jul/2021:10:17:51 +0300] "GET /department/1/edit HTTP/1.1" 200 28582
::1 - - [05/Jul/2021:10:17:54 +0300] "GET /department HTTP/1.1" 200 31406
::1 - - [05/Jul/2021:10:18:25 +0300] "GET /department HTTP/1.1" 200 31406
::1 - - [05/Jul/2021:10:18:26 +0300] "GET /department/1/edit HTTP/1.1" 200 28549
::1 - - [05/Jul/2021:10:18:31 +0300] "POST /department/1 HTTP/1.1" 302 398
::1 - - [05/Jul/2021:10:18:31 +0300] "GET /department/1/edit HTTP/1.1" 200 28753
::1 - - [05/Jul/2021:10:18:34 +0300] "GET /department HTTP/1.1" 200 31409
::1 - - [05/Jul/2021:10:18:40 +0300] "POST /department/1 HTTP/1.1" 302 370
::1 - - [05/Jul/2021:10:18:40 +0300] "GET /department HTTP/1.1" 200 29470
::1 - - [05/Jul/2021:10:21:01 +0300] "GET /profile/1 HTTP/1.1" 200 31293
::1 - - [05/Jul/2021:10:21:01 +0300] "GET /vendor/laravel-filemanager/js/stand-alone-button.js HTTP/1.1" 200 1104
::1 - - [05/Jul/2021:10:27:53 +0300] "GET /department HTTP/1.1" 200 29272
::1 - - [05/Jul/2021:10:27:56 +0300] "GET /department/create HTTP/1.1" 200 29355
::1 - - [05/Jul/2021:10:29:39 +0300] "GET /department/2 HTTP/1.1" 500 626225
::1 - - [05/Jul/2021:10:31:23 +0300] "GET /department/2 HTTP/1.1" 500 633378
::1 - - [05/Jul/2021:10:31:54 +0300] "GET /department/2 HTTP/1.1" 500 633458
::1 - - [05/Jul/2021:10:39:06 +0300] "GET /department/2 HTTP/1.1" 500 631154
::1 - - [05/Jul/2021:10:39:54 +0300] "GET /department/2 HTTP/1.1" 500 631152
::1 - - [05/Jul/2021:10:44:14 +0300] "GET /department/2 HTTP/1.1" 500 631154
::1 - - [05/Jul/2021:10:52:11 +0300] "GET /department/2 HTTP/1.1" 500 633464
::1 - - [05/Jul/2021:10:52:57 +0300] "GET /department/2 HTTP/1.1" 500 609605
::1 - - [05/Jul/2021:10:55:02 +0300] "GET /department/2 HTTP/1.1" 200 1
::1 - - [05/Jul/2021:10:55:32 +0300] "GET /department/2 HTTP/1.1" 200 83
::1 - - [05/Jul/2021:10:56:27 +0300] "GET /department/2 HTTP/1.1" 500 621738
::1 - - [05/Jul/2021:10:56:28 +0300] "GET /department/2 HTTP/1.1" 500 621739
::1 - - [05/Jul/2021:10:57:12 +0300] "GET /department/2 HTTP/1.1" 500 608899
::1 - - [05/Jul/2021:10:57:37 +0300] "GET /department/2 HTTP/1.1" 500 608900
::1 - - [05/Jul/2021:10:58:15 +0300] "GET /department/1 HTTP/1.1" 500 608870
::1 - - [05/Jul/2021:11:03:42 +0300] "GET /department/1 HTTP/1.1" 500 506460
::1 - - [05/Jul/2021:11:04:15 +0300] "GET /department/1 HTTP/1.1" 500 609903
::1 - - [05/Jul/2021:11:04:59 +0300] "GET /department/1 HTTP/1.1" 500 506458
::1 - - [05/Jul/2021:11:05:18 +0300] "GET /department/1 HTTP/1.1" 500 621049
::1 - - [05/Jul/2021:11:06:39 +0300] "GET /department/1 HTTP/1.1" 200 547
::1 - - [05/Jul/2021:11:06:52 +0300] "GET /department/1 HTTP/1.1" 500 609587
::1 - - [05/Jul/2021:11:07:59 +0300] "GET /department/1 HTTP/1.1" 200 2
::1 - - [05/Jul/2021:11:09:25 +0300] "GET / HTTP/1.1" 302 346
::1 - - [05/Jul/2021:11:09:25 +0300] "GET /home HTTP/1.1" 200 38824
::1 - - [05/Jul/2021:11:09:28 +0300] "GET /department/create HTTP/1.1" 200 29322
::1 - - [05/Jul/2021:11:09:36 +0300] "POST /department HTTP/1.1" 302 398
::1 - - [05/Jul/2021:11:09:36 +0300] "GET /department/create HTTP/1.1" 200 29505
::1 - - [05/Jul/2021:11:09:55 +0300] "GET /department/create HTTP/1.1" 200 29322
::1 - - [05/Jul/2021:11:10:00 +0300] "POST /department HTTP/1.1" 302 370
::1 - - [05/Jul/2021:11:10:00 +0300] "GET /department HTTP/1.1" 200 31608
::1 - - [05/Jul/2021:11:10:07 +0300] "GET /department/1 HTTP/1.1" 200 547
::1 - - [05/Jul/2021:11:10:26 +0300] "GET /department/1 HTTP/1.1" 200 1
::1 - - [05/Jul/2021:11:10:36 +0300] "GET /department/1 HTTP/1.1" 200 80
::1 - - [05/Jul/2021:11:11:42 +0300] "GET /department/1 HTTP/1.1" 200 378
::1 - - [05/Jul/2021:11:13:16 +0300] "GET /department/1 HTTP/1.1" 200 1149
::1 - - [05/Jul/2021:11:16:56 +0300] "GET /department/1 HTTP/1.1" 500 631901
::1 - - [05/Jul/2021:11:22:51 +0300] "GET /department HTTP/1.1" 200 31408
::1 - - [05/Jul/2021:11:22:55 +0300] "GET /department/1 HTTP/1.1" 500 636800
::1 - - [05/Jul/2021:11:22:56 +0300] "GET /_ignition/health-check HTTP/1.1" 200 29
::1 - - [05/Jul/2021:11:24:10 +0300] "GET /department/1 HTTP/1.1" 500 631932
::1 - - [05/Jul/2021:11:24:50 +0300] "GET /department/1 HTTP/1.1" 200 29140
::1 - - [05/Jul/2021:11:25:28 +0300] "GET /department/1 HTTP/1.1" 200 29140
::1 - - [05/Jul/2021:11:29:04 +0300] "GET /department/1 HTTP/1.1" 200 32928
::1 - - [05/Jul/2021:11:30:35 +0300] "GET /department/1 HTTP/1.1" 500 659310
::1 - - [05/Jul/2021:11:31:05 +0300] "GET /department/1 HTTP/1.1" 200 34380
::1 - - [05/Jul/2021:11:35:52 +0300] "GET /department/1 HTTP/1.1" 200 34401
::1 - - [05/Jul/2021:11:36:14 +0300] "GET /department/1 HTTP/1.1" 200 34410
::1 - - [05/Jul/2021:11:36:17 +0300] "GET /department HTTP/1.1" 200 32890
::1 - - [05/Jul/2021:11:36:21 +0300] "GET /department/2/edit HTTP/1.1" 200 30033
::1 - - [05/Jul/2021:11:36:32 +0300] "GET /department HTTP/1.1" 200 32890
::1 - - [05/Jul/2021:11:36:35 +0300] "GET /department/2/edit HTTP/1.1" 200 30033
::1 - - [05/Jul/2021:11:36:50 +0300] "GET /add/department HTTP/1.1" 404 1552
::1 - - [05/Jul/2021:11:37:35 +0300] "GET /add/department/2 HTTP/1.1" 200 30620
::1 - - [05/Jul/2021:11:37:51 +0300] "GET /add/department/2 HTTP/1.1" 200 30802
::1 - - [05/Jul/2021:11:38:31 +0300] "GET /add/department/2 HTTP/1.1" 200 30509
::1 - - [05/Jul/2021:11:39:52 +0300] "GET /add/department/2 HTTP/1.1" 200 30509
::1 - - [05/Jul/2021:11:39:56 +0300] "GET /add/department/2 HTTP/1.1" 200 30509
::1 - - [05/Jul/2021:11:40:05 +0300] "GET /department/2 HTTP/1.1" 200 34116
::1 - - [05/Jul/2021:11:40:46 +0300] "GET /department/2 HTTP/1.1" 200 32881
::1 - - [05/Jul/2021:11:41:00 +0300] "GET /department/2 HTTP/1.1" 200 34116
::1 - - [05/Jul/2021:11:41:31 +0300] "GET /department/2 HTTP/1.1" 200 33935
::1 - - [05/Jul/2021:11:41:41 +0300] "GET /department/2 HTTP/1.1" 200 32893
::1 - - [05/Jul/2021:11:43:07 +0300] "GET /department/2 HTTP/1.1" 200 33111
::1 - - [05/Jul/2021:11:43:32 +0300] "GET /department/2 HTTP/1.1" 200 34346
::1 - - [05/Jul/2021:11:46:21 +0300] "GET /department/create HTTP/1.1" 200 30811
::1 - - [05/Jul/2021:11:46:29 +0300] "POST /department HTTP/1.1" 302 398
::1 - - [05/Jul/2021:11:46:30 +0300] "GET /department/create HTTP/1.1" 200 30983
::1 - - [05/Jul/2021:11:46:44 +0300] "GET /department/create HTTP/1.1" 200 30811
::1 - - [05/Jul/2021:11:46:47 +0300] "GET /department HTTP/1.1" 200 32890
::1 - - [05/Jul/2021:11:46:50 +0300] "GET /department HTTP/1.1" 200 32890
::1 - - [05/Jul/2021:11:46:53 +0300] "GET /department/create HTTP/1.1" 200 30811
::1 - - [05/Jul/2021:11:47:02 +0300] "POST /department HTTP/1.1" 302 370
::1 - - [05/Jul/2021:11:47:02 +0300] "GET /department HTTP/1.1" 200 35224
::1 - - [05/Jul/2021:11:47:05 +0300] "GET /department/create HTTP/1.1" 200 30811
::1 - - [05/Jul/2021:11:47:13 +0300] "POST /department HTTP/1.1" 302 370
::1 - - [05/Jul/2021:11:47:13 +0300] "GET /department HTTP/1.1" 200 37357
::1 - - [05/Jul/2021:11:47:18 +0300] "GET /department HTTP/1.1" 200 37157
::1 - - [05/Jul/2021:11:47:23 +0300] "GET /department HTTP/1.1" 200 37157
::1 - - [05/Jul/2021:11:47:28 +0300] "GET /add/department HTTP/1.1" 404 1552
::1 - - [05/Jul/2021:11:49:47 +0300] "GET /department HTTP/1.1" 200 37157
::1 - - [05/Jul/2021:11:49:54 +0300] "GET /home HTTP/1.1" 200 40306
::1 - - [05/Jul/2021:11:49:57 +0300] "GET /department HTTP/1.1" 200 37157
::1 - - [05/Jul/2021:11:50:13 +0300] "GET /department HTTP/1.1" 200 37157
::1 - - [05/Jul/2021:11:50:16 +0300] "GET /department/create HTTP/1.1" 200 30811
::1 - - [05/Jul/2021:11:50:23 +0300] "GET /department/3 HTTP/1.1" 200 34714
::1 - - [05/Jul/2021:11:50:40 +0300] "GET /add/department HTTP/1.1" 404 1552
::1 - - [05/Jul/2021:11:53:17 +0300] "GET /department HTTP/1.1" 200 37157
::1 - - [05/Jul/2021:11:53:22 +0300] "GET /add/department HTTP/1.1" 404 1552
::1 - - [05/Jul/2021:11:53:27 +0300] "GET /add/department/1 HTTP/1.1" 200 547
::1 - - [05/Jul/2021:11:53:48 +0300] "GET /add/department/1 HTTP/1.1" 200 30515
::1 - - [05/Jul/2021:11:53:51 +0300] "GET /department/1 HTTP/1.1" 200 35401
::1 - - [05/Jul/2021:11:54:22 +0300] "GET /department/1 HTTP/1.1" 200 35439
::1 - - [05/Jul/2021:11:54:28 +0300] "GET /add/department HTTP/1.1" 404 1552
::1 - - [05/Jul/2021:11:55:12 +0300] "GET /department/1 HTTP/1.1" 200 35439
::1 - - [05/Jul/2021:11:55:14 +0300] "GET /add/department HTTP/1.1" 404 1552
::1 - - [05/Jul/2021:11:55:24 +0300] "GET /add/department/1 HTTP/1.1" 200 547
::1 - - [05/Jul/2021:11:56:35 +0300] "GET /department/1 HTTP/1.1" 200 35439
::1 - - [05/Jul/2021:11:56:37 +0300] "GET /add/department HTTP/1.1" 404 1552
::1 - - [05/Jul/2021:11:57:33 +0300] "GET /department/1 HTTP/1.1" 200 35441
::1 - - [05/Jul/2021:11:57:36 +0300] "GET /department HTTP/1.1" 200 37157
::1 - - [05/Jul/2021:11:57:39 +0300] "GET /department/create HTTP/1.1" 200 30811
::1 - - [05/Jul/2021:11:57:49 +0300] "GET /department/3 HTTP/1.1" 200 33156
::1 - - [05/Jul/2021:11:57:57 +0300] "GET /add/department/1 HTTP/1.1" 200 30515
::1 - - [05/Jul/2021:11:58:42 +0300] "GET /department/3 HTTP/1.1" 200 33156
::1 - - [05/Jul/2021:11:58:55 +0300] "GET /department HTTP/1.1" 200 37157
::1 - - [05/Jul/2021:11:58:55 +0300] "GET /department HTTP/1.1" 200 37157
::1 - - [05/Jul/2021:11:58:59 +0300] "GET /department HTTP/1.1" 200 37157
::1 - - [05/Jul/2021:11:59:02 +0300] "GET /department HTTP/1.1" 200 37157
::1 - - [05/Jul/2021:11:59:06 +0300] "GET /department HTTP/1.1" 200 37157
::1 - - [05/Jul/2021:11:59:30 +0300] "GET /department HTTP/1.1" 200 37157
::1 - - [05/Jul/2021:11:59:33 +0300] "GET /department HTTP/1.1" 200 37157
::1 - - [05/Jul/2021:11:59:36 +0300] "GET /department HTTP/1.1" 200 37157
::1 - - [05/Jul/2021:12:02:16 +0300] "GET /home HTTP/1.1" 200 40306
::1 - - [05/Jul/2021:12:02:27 +0300] "GET /home HTTP/1.1" 200 40306
::1 - - [05/Jul/2021:12:02:38 +0300] "GET /home HTTP/1.1" 200 40306
::1 - - [05/Jul/2021:12:02:43 +0300] "GET /department HTTP/1.1" 200 37157
::1 - - [05/Jul/2021:12:02:48 +0300] "GET /add/department HTTP/1.1" 404 1552
::1 - - [05/Jul/2021:12:02:58 +0300] "GET /department HTTP/1.1" 200 37157
::1 - - [05/Jul/2021:12:03:03 +0300] "GET /department HTTP/1.1" 200 37157
::1 - - [05/Jul/2021:12:04:07 +0300] "GET /department/1 HTTP/1.1" 500 506426
::1 - - [05/Jul/2021:12:04:56 +0300] "GET /department/1 HTTP/1.1" 500 610296
::1 - - [05/Jul/2021:12:05:20 +0300] "GET /department/1 HTTP/1.1" 500 621045
::1 - - [05/Jul/2021:12:09:15 +0300] "GET /department/1 HTTP/1.1" 500 616983
::1 - - [05/Jul/2021:12:09:15 +0300] "GET /_ignition/health-check HTTP/1.1" 200 29
::1 - - [05/Jul/2021:12:16:00 +0300] "GET /department/1 HTTP/1.1" 500 616982
::1 - - [05/Jul/2021:12:16:00 +0300] "GET /_ignition/health-check HTTP/1.1" 200 29
::1 - - [05/Jul/2021:12:16:14 +0300] "GET /department/1 HTTP/1.1" 200 35439
::1 - - [05/Jul/2021:12:16:23 +0300] "GET /home HTTP/1.1" 200 40306
::1 - - [05/Jul/2021:12:16:25 +0300] "GET /department HTTP/1.1" 200 37157
::1 - - [05/Jul/2021:12:16:32 +0300] "GET /add/department HTTP/1.1" 404 1552
::1 - - [05/Jul/2021:12:17:44 +0300] "GET /department HTTP/1.1" 200 37157
::1 - - [05/Jul/2021:12:17:45 +0300] "GET /department HTTP/1.1" 200 37157
::1 - - [05/Jul/2021:12:17:48 +0300] "GET /department HTTP/1.1" 200 37157
::1 - - [05/Jul/2021:12:17:51 +0300] "GET /department HTTP/1.1" 200 37157
::1 - - [05/Jul/2021:12:21:42 +0300] "GET /department HTTP/1.1" 200 37157
::1 - - [05/Jul/2021:12:21:45 +0300] "GET /department HTTP/1.1" 200 37157
::1 - - [05/Jul/2021:12:24:12 +0300] "GET /department HTTP/1.1" 200 30754
::1 - - [05/Jul/2021:12:24:16 +0300] "GET /department HTTP/1.1" 200 30754
::1 - - [05/Jul/2021:12:24:20 +0300] "GET /add/department HTTP/1.1" 404 1552
::1 - - [05/Jul/2021:12:28:33 +0300] "GET /home HTTP/1.1" 200 40324
::1 - - [05/Jul/2021:12:28:34 +0300] "GET /home HTTP/1.1" 200 40324
::1 - - [05/Jul/2021:12:28:37 +0300] "GET /facility_department HTTP/1.1" 404 1552
::1 - - [05/Jul/2021:12:29:32 +0300] "GET /department HTTP/1.1" 200 30772
::1 - - [05/Jul/2021:12:29:38 +0300] "GET /facility_department HTTP/1.1" 404 1552
::1 - - [05/Jul/2021:12:30:20 +0300] "GET /department HTTP/1.1" 200 30772
::1 - - [05/Jul/2021:12:30:23 +0300] "GET /facility_department HTTP/1.1" 404 1552
::1 - - [05/Jul/2021:12:30:50 +0300] "GET /facility_department/1 HTTP/1.1" 404 1552
::1 - - [05/Jul/2021:12:30:55 +0300] "GET /facility_department/1 HTTP/1.1" 404 1552
::1 - - [05/Jul/2021:12:33:08 +0300] "GET / HTTP/1.1" 302 346
::1 - - [05/Jul/2021:12:33:08 +0300] "GET /home HTTP/1.1" 200 40324
::1 - - [05/Jul/2021:12:33:11 +0300] "GET /department HTTP/1.1" 200 30772
::1 - - [05/Jul/2021:12:34:09 +0300] "GET /department HTTP/1.1" 200 30772
::1 - - [05/Jul/2021:12:34:12 +0300] "GET /facility_department HTTP/1.1" 404 1552
::1 - - [05/Jul/2021:12:34:17 +0300] "GET /facility_department/1 HTTP/1.1" 200 30857
::1 - - [05/Jul/2021:12:34:22 +0300] "GET /facility_department/add HTTP/1.1" 404 1552
::1 - - [05/Jul/2021:12:35:28 +0300] "GET / HTTP/1.1" 302 346
::1 - - [05/Jul/2021:12:35:28 +0300] "GET /home HTTP/1.1" 200 40324
::1 - - [05/Jul/2021:12:35:31 +0300] "GET /department HTTP/1.1" 200 30772
::1 - - [05/Jul/2021:12:35:33 +0300] "GET /department/create HTTP/1.1" 200 30535
::1 - - [05/Jul/2021:12:35:39 +0300] "POST /department HTTP/1.1" 302 370
::1 - - [05/Jul/2021:12:35:39 +0300] "GET /department HTTP/1.1" 200 33106
::1 - - [05/Jul/2021:12:35:45 +0300] "GET /facility_department HTTP/1.1" 404 1552
::1 - - [05/Jul/2021:12:35:50 +0300] "GET /facility_department/1 HTTP/1.1" 200 33158
::1 - - [05/Jul/2021:12:36:43 +0300] "GET /home HTTP/1.1" 500 660647
::1 - - [05/Jul/2021:12:36:43 +0300] "GET /_ignition/health-check HTTP/1.1" 200 29
::1 - - [05/Jul/2021:12:39:43 +0300] "GET /home HTTP/1.1" 200 40324
::1 - - [05/Jul/2021:12:39:46 +0300] "GET /facility_department HTTP/1.1" 404 1552
::1 - - [05/Jul/2021:12:43:48 +0300] "GET /facility_department/1 HTTP/1.1" 200 303
::1 - - [05/Jul/2021:12:44:43 +0300] "GET / HTTP/1.1" 302 346
::1 - - [05/Jul/2021:12:44:43 +0300] "GET /home HTTP/1.1" 200 40324
::1 - - [05/Jul/2021:12:51:33 +0300] "GET /home HTTP/1.1" 200 40324
::1 - - [05/Jul/2021:12:51:36 +0300] "GET /facility_department HTTP/1.1" 404 1552
::1 - - [05/Jul/2021:12:54:45 +0300] "GET /facility_department HTTP/1.1" 404 1552
::1 - - [05/Jul/2021:12:54:49 +0300] "GET /facility_department/add HTTP/1.1" 404 1552
::1 - - [05/Jul/2021:12:55:45 +0300] "GET /home HTTP/1.1" 500 660602
::1 - - [05/Jul/2021:12:55:46 +0300] "GET /_ignition/health-check HTTP/1.1" 200 29
::1 - - [05/Jul/2021:12:57:18 +0300] "GET /home HTTP/1.1" 500 662076
::1 - - [05/Jul/2021:12:57:18 +0300] "GET /_ignition/health-check HTTP/1.1" 200 29
::1 - - [05/Jul/2021:12:57:56 +0300] "GET /home HTTP/1.1" 500 660638
::1 - - [05/Jul/2021:12:57:57 +0300] "GET /_ignition/health-check HTTP/1.1" 200 29
::1 - - [05/Jul/2021:12:58:18 +0300] "GET /home HTTP/1.1" 500 665530
::1 - - [05/Jul/2021:13:00:20 +0300] "GET /home HTTP/1.1" 200 40324
::1 - - [05/Jul/2021:13:00:23 +0300] "GET /facility_department HTTP/1.1" 404 1552
::1 - - [05/Jul/2021:13:00:27 +0300] "GET /facility_department/1 HTTP/1.1" 200 33164
::1 - - [05/Jul/2021:13:02:43 +0300] "GET /facility_department/add/1 HTTP/1.1" 200 30533
::1 - - [05/Jul/2021:13:02:59 +0300] "GET /department/create HTTP/1.1" 200 30535
::1 - - [05/Jul/2021:13:04:01 +0300] "GET /department/create HTTP/1.1" 200 30860
::1 - - [05/Jul/2021:13:04:07 +0300] "GET /department HTTP/1.1" 200 32906
::1 - - [05/Jul/2021:13:04:12 +0300] "GET /facility_department HTTP/1.1" 404 1552
::1 - - [05/Jul/2021:13:08:52 +0300] "GET /department HTTP/1.1" 500 658332
::1 - - [05/Jul/2021:13:09:14 +0300] "GET /department HTTP/1.1" 200 32906
::1 - - [05/Jul/2021:13:09:22 +0300] "GET /facility_department HTTP/1.1" 404 1552
::1 - - [05/Jul/2021:13:20:32 +0300] "GET /facility_department/1 HTTP/1.1" 200 33164
::1 - - [05/Jul/2021:13:20:36 +0300] "GET /facility_department/add/1 HTTP/1.1" 200 30533
::1 - - [05/Jul/2021:13:20:45 +0300] "POST /department HTTP/1.1" 302 370
::1 - - [05/Jul/2021:13:20:45 +0300] "GET /department HTTP/1.1" 200 35245
::1 - - [05/Jul/2021:13:22:20 +0300] "GET /department HTTP/1.1" 200 35045
::1 - - [05/Jul/2021:13:22:22 +0300] "GET /department/create HTTP/1.1" 200 30860
::1 - - [05/Jul/2021:13:22:28 +0300] "POST /department HTTP/1.1" 302 370
::1 - - [05/Jul/2021:13:22:28 +0300] "GET /department HTTP/1.1" 200 37380
::1 - - [05/Jul/2021:13:22:55 +0300] "GET /department HTTP/1.1" 200 37180
::1 - - [05/Jul/2021:13:22:58 +0300] "GET /facility_department HTTP/1.1" 404 1552
::1 - - [05/Jul/2021:13:23:01 +0300] "GET /facility_department/1 HTTP/1.1" 200 37772
::1 - - [05/Jul/2021:13:23:36 +0300] "GET /facility_department/add/1 HTTP/1.1" 200 30544
::1 - - [05/Jul/2021:13:23:45 +0300] "POST /department HTTP/1.1" 302 430
::1 - - [05/Jul/2021:13:23:45 +0300] "GET /facility_department/add/1 HTTP/1.1" 200 30719
::1 - - [05/Jul/2021:13:25:06 +0300] "GET /department HTTP/1.1" 200 37180
::1 - - [05/Jul/2021:13:25:11 +0300] "GET /department/1/edit HTTP/1.1" 200 30049
::1 - - [05/Jul/2021:13:26:26 +0300] "GET /facility_department/add HTTP/1.1" 404 1552
::1 - - [05/Jul/2021:13:26:30 +0300] "GET /facility_department/add/1 HTTP/1.1" 200 30547
::1 - - [05/Jul/2021:13:26:39 +0300] "POST /department HTTP/1.1" 302 370
::1 - - [05/Jul/2021:13:26:39 +0300] "GET /department HTTP/1.1" 200 39512
::1 - - [05/Jul/2021:13:27:04 +0300] "GET /department/create HTTP/1.1" 200 30860
::1 - - [05/Jul/2021:13:27:12 +0300] "POST /department HTTP/1.1" 302 370
::1 - - [05/Jul/2021:13:27:12 +0300] "GET /department HTTP/1.1" 200 41645
::1 - - [05/Jul/2021:13:28:26 +0300] "GET /department HTTP/1.1" 200 41445
::1 - - [05/Jul/2021:13:28:29 +0300] "GET /facility_department HTTP/1.1" 404 1552
::1 - - [05/Jul/2021:13:28:34 +0300] "GET / HTTP/1.1" 302 346
::1 - - [05/Jul/2021:13:28:34 +0300] "GET /home HTTP/1.1" 200 40324
::1 - - [05/Jul/2021:13:28:36 +0300] "GET /facility_department HTTP/1.1" 404 1552
::1 - - [05/Jul/2021:13:28:40 +0300] "GET /facility_department/1 HTTP/1.1" 200 40067
::1 - - [05/Jul/2021:13:28:44 +0300] "GET /department/1/edit HTTP/1.1" 200 30049
::1 - - [05/Jul/2021:13:31:40 +0300] "GET /facility_department/1 HTTP/1.1" 500 639624
::1 - - [05/Jul/2021:13:32:36 +0300] "GET /facility_department/1 HTTP/1.1" 500 633501
::1 - - [05/Jul/2021:13:33:01 +0300] "GET /facility_department/1 HTTP/1.1" 200 40167
::1 - - [05/Jul/2021:13:33:05 +0300] "GET /facility_department/edit/1 HTTP/1.1" 405 558649
::1 - - [05/Jul/2021:13:34:42 +0300] "GET /facility_department/1 HTTP/1.1" 200 40167
::1 - - [05/Jul/2021:13:34:43 +0300] "GET /facility_department/1 HTTP/1.1" 200 40167
::1 - - [05/Jul/2021:13:34:45 +0300] "GET /facility_department/edit/1 HTTP/1.1" 405 558649
::1 - - [05/Jul/2021:13:35:03 +0300] "GET /facility_department/1 HTTP/1.1" 200 40167
::1 - - [05/Jul/2021:13:35:04 +0300] "GET /facility_department/edit/1 HTTP/1.1" 500 621120
::1 - - [05/Jul/2021:13:39:53 +0300] "GET /facility_department/1 HTTP/1.1" 200 40167
::1 - - [05/Jul/2021:13:39:57 +0300] "POST /facility_department/delete/4 HTTP/1.1" 405 558892
::1 - - [05/Jul/2021:13:40:27 +0300] "GET /facility_department/1 HTTP/1.1" 200 40167
::1 - - [05/Jul/2021:13:40:33 +0300] "POST /facility_department/delete/4 HTTP/1.1" 302 414
::1 - - [05/Jul/2021:13:40:33 +0300] "GET /facility_department/1 HTTP/1.1" 200 40365
::1 - - [05/Jul/2021:13:40:36 +0300] "GET /facility_department/1 HTTP/1.1" 200 40167
::1 - - [05/Jul/2021:13:40:57 +0300] "GET /facility_department/edit/1 HTTP/1.1" 500 630500
::1 - - [05/Jul/2021:13:41:13 +0300] "GET /home HTTP/1.1" 200 40324
::1 - - [05/Jul/2021:13:41:15 +0300] "GET /profile/1 HTTP/1.1" 200 32793
::1 - - [05/Jul/2021:13:41:50 +0300] "GET /profile/1 HTTP/1.1" 200 32793
::1 - - [05/Jul/2021:13:41:53 +0300] "GET /facility_department HTTP/1.1" 404 1552
::1 - - [05/Jul/2021:13:42:42 +0300] "GET / HTTP/1.1" 302 346
::1 - - [05/Jul/2021:13:42:43 +0300] "GET /home HTTP/1.1" 200 40324
::1 - - [05/Jul/2021:13:42:46 +0300] "POST /logout HTTP/1.1" 302 326
::1 - - [05/Jul/2021:13:42:46 +0300] "GET / HTTP/1.1" 302 346
::1 - - [05/Jul/2021:13:42:46 +0300] "GET /home HTTP/1.1" 302 350
::1 - - [05/Jul/2021:13:42:46 +0300] "GET /login HTTP/1.1" 200 5985
::1 - - [05/Jul/2021:13:42:48 +0300] "GET /signup HTTP/1.1" 200 43229
::1 - - [05/Jul/2021:13:42:49 +0300] "GET /assets/vendor/bootstrap-datepicker/dist/js/bootstrap-datepicker.min.js HTTP/1.1" 200 33693
::1 - - [05/Jul/2021:13:42:49 +0300] "GET /assets/vendor/bootstrap/dist/js/bootstrap.min.js HTTP/1.1" 200 60010
::1 - - [05/Jul/2021:13:42:49 +0300] "GET /assets/vendor/select2/dist/js/select2.min.js HTTP/1.1" 200 70357
::1 - - [05/Jul/2021:13:43:52 +0300] "POST /signup HTTP/1.1" 500 602796
::1 - - [05/Jul/2021:13:46:18 +0300] "POST /signup HTTP/1.1" 500 615861
::1 - - [05/Jul/2021:13:46:49 +0300] "POST /signup HTTP/1.1" 500 636643
::1 - - [05/Jul/2021:13:49:08 +0300] "POST /signup HTTP/1.1" 500 636642
::1 - - [05/Jul/2021:13:51:14 +0300] "POST /signup HTTP/1.1" 500 636642
::1 - - [05/Jul/2021:13:52:28 +0300] "GET /signup HTTP/1.1" 200 43229
::1 - - [05/Jul/2021:13:53:13 +0300] "POST /signup HTTP/1.1" 500 636692
::1 - - [05/Jul/2021:13:57:57 +0300] "POST /signup HTTP/1.1" 500 602559
::1 - - [05/Jul/2021:13:58:37 +0300] "POST /signup HTTP/1.1" 500 636745
::1 - - [05/Jul/2021:13:59:45 +0300] "POST /signup HTTP/1.1" 500 636746
::1 - - [05/Jul/2021:14:01:35 +0300] "GET /signup HTTP/1.1" 200 43229
::1 - - [05/Jul/2021:14:04:50 +0300] "GET /signup HTTP/1.1" 200 43257
::1 - - [05/Jul/2021:14:05:22 +0300] "POST /signup HTTP/1.1" 500 636739
::1 - - [05/Jul/2021:14:07:03 +0300] "GET /signup HTTP/1.1" 200 43257
::1 - - [05/Jul/2021:14:07:39 +0300] "POST /signup HTTP/1.1" 500 636709
::1 - - [05/Jul/2021:14:09:21 +0300] "POST /signup HTTP/1.1" 500 637679
::1 - - [05/Jul/2021:14:11:21 +0300] "GET /signup HTTP/1.1" 200 43257
::1 - - [05/Jul/2021:14:11:55 +0300] "POST /signup HTTP/1.1" 500 637693
::1 - - [05/Jul/2021:14:12:07 +0300] "GET /signup HTTP/1.1" 200 43257
::1 - - [05/Jul/2021:14:15:48 +0300] "POST /signup HTTP/1.1" 500 636899
::1 - - [05/Jul/2021:14:16:30 +0300] "POST /signup HTTP/1.1" 500 637741
::1 - - [05/Jul/2021:14:16:55 +0300] "POST /signup HTTP/1.1" 500 636995
::1 - - [05/Jul/2021:14:17:26 +0300] "POST /signup HTTP/1.1" 500 636925
::1 - - [05/Jul/2021:14:17:54 +0300] "POST /signup HTTP/1.1" 201 465
::1 - - [05/Jul/2021:14:18:26 +0300] "GET /signup HTTP/1.1" 200 43257
::1 - - [05/Jul/2021:14:21:31 +0300] "POST /signup HTTP/1.1" 500 636956
::1 - - [05/Jul/2021:14:21:52 +0300] "POST /signup HTTP/1.1" 500 636880
::1 - - [05/Jul/2021:14:22:10 +0300] "POST /signup HTTP/1.1" 201 253
::1 - - [05/Jul/2021:14:22:39 +0300] "GET /signup HTTP/1.1" 200 43257
::1 - - [05/Jul/2021:14:24:21 +0300] "GET /signup HTTP/1.1" 200 43202
::1 - - [05/Jul/2021:14:24:23 +0300] "GET /signup HTTP/1.1" 200 43202
::1 - - [05/Jul/2021:14:25:00 +0300] "POST /signup HTTP/1.1" 201 235
::1 - - [05/Jul/2021:14:29:05 +0300] "GET /signup HTTP/1.1" 200 43202
::1 - - [05/Jul/2021:14:29:17 +0300] "POST /signup HTTP/1.1" 500 636784
::1 - - [05/Jul/2021:14:29:18 +0300] "POST /signup HTTP/1.1" 500 636760
::1 - - [05/Jul/2021:14:29:25 +0300] "GET /signup HTTP/1.1" 200 43202
::1 - - [05/Jul/2021:14:31:51 +0300] "GET /signup HTTP/1.1" 200 43207
::1 - - [05/Jul/2021:14:32:28 +0300] "POST /signup HTTP/1.1" 201 236
::1 - - [05/Jul/2021:14:37:57 +0300] "POST /signup HTTP/1.1" 200 9
::1 - - [05/Jul/2021:14:38:26 +0300] "POST /signup HTTP/1.1" 200 60
::1 - - [05/Jul/2021:14:39:17 +0300] "POST /signup HTTP/1.1" 500 636793
::1 - - [05/Jul/2021:14:39:21 +0300] "GET /signup HTTP/1.1" 200 43207
::1 - - [05/Jul/2021:14:39:42 +0300] "POST /signup HTTP/1.1" 201 165
::1 - - [05/Jul/2021:14:40:24 +0300] "POST /signup HTTP/1.1" 500 636805
::1 - - [05/Jul/2021:14:40:33 +0300] "GET /signup HTTP/1.1" 200 43207
::1 - - [05/Jul/2021:14:40:46 +0300] "POST /signup HTTP/1.1" 500 636807
::1 - - [05/Jul/2021:14:41:05 +0300] "POST /signup HTTP/1.1" 500 636792
::1 - - [05/Jul/2021:14:41:42 +0300] "POST /signup HTTP/1.1" 201 189
::1 - - [05/Jul/2021:14:44:19 +0300] "POST /signup HTTP/1.1" 500 636643
::1 - - [05/Jul/2021:14:45:41 +0300] "POST /signup HTTP/1.1" 302 354
::1 - - [05/Jul/2021:14:45:41 +0300] "GET /signup HTTP/1.1" 200 44071
::1 - - [05/Jul/2021:14:46:41 +0300] "POST /signup HTTP/1.1" 500 637039
::1 - - [05/Jul/2021:14:48:58 +0300] "POST /signup HTTP/1.1" 500 637039
::1 - - [05/Jul/2021:14:49:02 +0300] "POST /signup HTTP/1.1" 500 637039
::1 - - [05/Jul/2021:14:49:48 +0300] "POST /signup HTTP/1.1" 500 637039
::1 - - [05/Jul/2021:14:50:09 +0300] "POST /login HTTP/1.1" 302 346
::1 - - [05/Jul/2021:14:50:09 +0300] "GET /home HTTP/1.1" 200 40324
::1 - - [05/Jul/2021:14:50:13 +0300] "GET /users/create HTTP/1.1" 200 34972
::1 - - [05/Jul/2021:14:53:52 +0300] "POST /logout HTTP/1.1" 302 326
::1 - - [05/Jul/2021:14:53:52 +0300] "GET / HTTP/1.1" 302 346
::1 - - [05/Jul/2021:14:53:52 +0300] "GET /home HTTP/1.1" 302 350
::1 - - [05/Jul/2021:14:53:52 +0300] "GET /login HTTP/1.1" 200 5985
::1 - - [05/Jul/2021:14:53:55 +0300] "GET /signup HTTP/1.1" 200 43207
::1 - - [05/Jul/2021:14:54:37 +0300] "POST /signup HTTP/1.1" 500 637054
::1 - - [05/Jul/2021:14:54:58 +0300] "POST /signup HTTP/1.1" 200 9
::1 - - [05/Jul/2021:14:57:06 +0300] "POST /signup HTTP/1.1" 201 192
::1 - - [05/Jul/2021:14:58:40 +0300] "GET /signup HTTP/1.1" 200 43207
::1 - - [05/Jul/2021:14:58:58 +0300] "POST /signup HTTP/1.1" 200 2
::1 - - [05/Jul/2021:15:02:00 +0300] "GET / HTTP/1.1" 302 346
::1 - - [05/Jul/2021:15:02:01 +0300] "GET /home HTTP/1.1" 302 350
::1 - - [05/Jul/2021:15:02:01 +0300] "GET /login HTTP/1.1" 200 5985
::1 - - [05/Jul/2021:15:02:04 +0300] "GET /signup HTTP/1.1" 200 43207
::1 - - [05/Jul/2021:15:02:42 +0300] "POST /signup HTTP/1.1" 201 456
::1 - - [05/Jul/2021:15:04:08 +0300] "POST /signup HTTP/1.1" 302 354
::1 - - [05/Jul/2021:15:04:08 +0300] "GET /signup HTTP/1.1" 200 44073
::1 - - [05/Jul/2021:15:04:26 +0300] "POST /signup HTTP/1.1" 500 637848
::1 - - [05/Jul/2021:15:05:02 +0300] "POST /signup HTTP/1.1" 201 458
::1 - - [05/Jul/2021:15:05:45 +0300] "POST /signup HTTP/1.1" 302 354
::1 - - [05/Jul/2021:15:05:46 +0300] "GET /signup HTTP/1.1" 200 44075
::1 - - [05/Jul/2021:15:06:04 +0300] "POST /signup HTTP/1.1" 500 637862
::1 - - [05/Jul/2021:15:08:08 +0300] "POST /signup HTTP/1.1" 500 637326
::1 - - [05/Jul/2021:15:08:12 +0300] "GET /signup HTTP/1.1" 200 43207
::1 - - [05/Jul/2021:15:08:13 +0300] "GET /signup HTTP/1.1" 200 43207
::1 - - [05/Jul/2021:15:08:50 +0300] "POST /signup HTTP/1.1" 201 456
::1 - - [05/Jul/2021:15:09:21 +0300] "GET /signup HTTP/1.1" 200 43207
::1 - - [05/Jul/2021:15:09:35 +0300] "POST /signup HTTP/1.1" 500 637178
::1 - - [05/Jul/2021:15:10:44 +0300] "POST /signup HTTP/1.1" 302 354
::1 - - [05/Jul/2021:15:10:45 +0300] "GET /signup HTTP/1.1" 200 44073
::1 - - [05/Jul/2021:15:11:13 +0300] "POST /signup HTTP/1.1" 302 354
::1 - - [05/Jul/2021:15:11:13 +0300] "GET /signup HTTP/1.1" 200 43521
::1 - - [05/Jul/2021:15:11:33 +0300] "POST /signup HTTP/1.1" 500 603358
::1 - - [05/Jul/2021:15:12:05 +0300] "POST /signup HTTP/1.1" 500 606469
